<?xml version="1.0" encoding="UTF-8"?>
<testsuite name="com.example.project.TestPoint" tests="3" skipped="0" failures="0" errors="0" timestamp="2025-01-08T01:25:21" hostname="codespaces-8999bf" time="0.044">
  <properties/>
  <testcase name="testPointInfo()" classname="com.example.project.TestPoint" time="0.029"/>
  <testcase name="testDistanceTo()" classname="com.example.project.TestPoint" time="0.001"/>
  <testcase name="testConstructor()" classname="com.example.project.TestPoint" time="0.004"/>
  <system-out><![CDATA[]]></system-out>
  <system-err><![CDATA[]]></system-err>
</testsuite>
